83:crystal/runtime/crystal.lua
0 0 0 0 0 0 0 0 0 0 0 0 0 0 0 0 0 0 0 0 0 0 0 0 0 0 0 0 0 0 0 0 0 0 0 0 0 0 0 0 0 0 0 6 1 0 4675 4944 423 0 4521 423 0 4521 423 0 0 0 4521 423 0 4520 4943 423 4517 421 0 4517 4938 421 0 4517 4937 421 0 4516 421 0 4516 616 0 4321 616 
31:crystal/runtime/dev/cli/Command.lua
0 0 0 0 0 0 0 0 0 0 80 80 160 0 80 160 80 80 0 160 112 32 32 32 32 32 0 80 0 0 80 
20:crystal/runtime/dev/cli/CommandStore.lua
0 0 0 0 0 0 0 0 0 0 0 0 0 0 0 80 80 80 80 80 
80:crystal/runtime/dev/cli/Terminal.lua
0 0 0 0 0 0 0 0 0 0 0 0 0 0 0 0 0 0 0 0 0 0 0 0 0 0 0 0 0 0 0 0 0 0 0 0 0 0 0 0 0 0 0 0 0 0 0 0 0 0 0 0 0 0 0 0 0 0 0 0 0 0 0 0 0 0 0 0 0 0 0 0 0 0 0 0 0 0 80 80 
111:crystal/runtime/dev/constants/Constants.lua
0 0 0 0 0 0 0 0 0 0 0 0 0 0 0 0 0 0 0 0 0 0 0 0 0 0 0 0 0 0 0 0 0 0 0 0 0 0 0 0 0 0 0 0 0 0 0 0 0 0 0 0 0 0 0 0 0 0 0 0 0 0 0 0 0 0 0 0 0 0 0 0 0 0 0 0 0 0 0 0 0 0 0 0 0 0 0 0 0 0 0 0 0 0 0 0 0 0 0 0 0 0 4944 0 0 4944 0 0 0 0 4944 
70:crystal/runtime/graphics/Renderer.lua
10 0 0 0 0 0 0 0 0 0 0 0 0 0 0 0 0 10 0 0 0 0 0 0 0 0 0 10 0 0 0 10 0 0 0 0 0 0 0 0 0 0 0 0 0 0 0 0 0 0 0 0 0 0 0 0 0 0 0 0 0 0 0 0 0 0 0 10 0 10 
53:crystal/runtime/input/Input.lua
1 0 1 0 0 0 0 0 0 0 0 1 0 0 0 0 0 0 0 0 0 0 0 0 0 0 1 0 0 0 0 0 1 0 0 0 0 0 1 0 0 0 0 0 1 0 0 44465 39527 0 4939 0 1 
98:crystal/runtime/input/InputDevice.lua
1 0 0 0 0 0 0 0 0 0 0 0 0 0 0 1 0 0 0 0 0 0 0 1 0 0 0 1 0 0 0 0 0 0 0 1 0 0 0 0 1 0 0 0 0 0 0 0 0 1 0 0 0 0 0 0 0 0 0 0 0 0 0 0 0 1 0 0 0 0 0 0 0 0 0 0 0 0 0 0 1 0 0 0 0 0 0 1 0 0 0 1 0 0 39525 39524 0 1 
70:crystal/runtime/input/TestInputDevice.lua
8 0 8 0 8 8 0 0 8 0 8 8 0 0 0 0 0 8 0 8 8 0 0 0 0 0 0 0 8 0 8 8 0 0 0 0 0 0 0 0 0 0 0 8 0 8 8 0 0 0 0 0 0 0 0 0 0 0 0 0 0 0 0 0 0 0 0 8 0 8 
26:crystal/runtime/main.lua
8 7 1 7 1 7 0 0 0 0 0 0 0 0 0 0 0 0 0 0 0 0 0 0 1 7 
195:crystal/runtime/mapscene/MapScene.lua
8 8 8 8 8 8 8 8 8 8 8 8 8 8 8 8 8 8 8 8 8 8 8 8 8 0 8 0 0 0 0 0 0 0 0 0 0 0 0 0 0 0 0 0 0 0 0 0 0 0 0 0 0 0 0 0 0 0 0 0 0 0 0 0 0 0 0 0 0 0 0 0 0 0 0 0 0 0 0 0 8 0 0 0 8 0 0 0 8 0 0 0 8 0 0 0 8 0 0 0 8 0 0 8 0 0 0 0 0 0 0 0 0 0 0 0 0 8 0 0 0 0 0 0 0 0 0 0 0 0 0 0 0 0 0 0 0 0 0 0 0 0 0 0 0 0 0 0 0 0 8 0 0 0 0 0 0 0 0 0 0 0 0 0 0 0 0 0 0 0 0 0 0 0 0 0 0 0 0 8 0 16 0 0 0 0 8 0 16 0 0 0 8 0 8 
30:crystal/runtime/mapscene/MapSystem.lua
8 8 0 8 0 0 0 0 0 0 8 0 0 0 8 0 0 0 0 8 0 0 0 8 0 0 0 8 0 8 
81:crystal/runtime/mapscene/TestMapScene.lua
8 8 8 8 8 8 8 8 0 8 8 0 0 0 8 0 8 8 0 0 0 8 0 8 8 0 0 0 0 0 0 0 0 8 0 8 8 0 0 0 0 0 0 0 0 0 0 0 0 0 8 0 8 8 0 0 0 0 0 0 0 0 0 0 0 0 0 0 0 0 0 0 0 0 0 0 0 0 8 0 8 
33:crystal/runtime/mapscene/behavior/Actor.lua
8 0 8 0 0 0 0 0 8 0 0 0 8 0 0 0 0 0 0 0 0 0 8 0 0 0 0 0 0 0 8 0 8 
16:crystal/runtime/mapscene/behavior/Behavior.lua
8 8 0 8 0 0 0 0 0 8 0 0 0 8 0 8 
40:crystal/runtime/mapscene/behavior/BehaviorSystem.lua
8 8 8 8 8 0 8 0 0 0 0 0 0 8 0 0 0 0 0 0 0 0 0 0 0 0 0 0 0 0 0 0 0 0 0 0 0 8 0 8 
25:crystal/runtime/mapscene/behavior/InputContext.lua
8 0 0 0 0 0 0 0 0 0 0 8 0 0 0 8 0 0 0 0 0 0 8 0 8 
73:crystal/runtime/mapscene/behavior/InputListener.lua
8 8 8 0 8 0 0 0 0 0 0 0 0 8 0 0 0 8 0 0 0 8 0 0 0 0 0 0 0 0 0 0 8 0 0 0 0 0 0 0 0 0 8 0 0 0 0 0 0 8 0 0 0 0 0 0 0 0 8 0 0 0 8 0 0 0 8 0 0 0 8 0 8 
33:crystal/runtime/mapscene/behavior/InputListenerSystem.lua
8 8 8 8 0 8 0 0 0 0 0 8 0 0 0 0 0 0 0 0 0 0 0 0 0 0 0 0 0 0 8 0 8 
53:crystal/runtime/mapscene/behavior/ScriptRunner.lua
8 8 8 8 0 8 0 0 0 0 8 0 0 0 0 0 0 8 0 0 0 0 0 0 8 0 0 0 0 0 0 8 0 0 0 0 0 0 0 0 0 0 8 0 0 0 0 0 0 0 8 0 8 
27:crystal/runtime/mapscene/behavior/ScriptRunnerSystem.lua
8 8 8 0 8 0 0 0 0 0 8 0 0 0 0 0 8 0 0 0 0 0 0 0 8 0 8 
54:crystal/runtime/mapscene/behavior/TestActor.lua
8 8 8 8 0 8 0 8 8 0 0 0 0 0 0 0 0 0 0 0 0 0 0 0 0 0 0 0 8 0 8 8 0 0 0 0 0 0 0 0 0 0 0 0 0 0 0 0 0 0 0 8 0 8 
130:crystal/runtime/mapscene/behavior/TestBehavior.lua
8 8 8 8 0 8 0 8 8 0 0 0 0 0 0 0 0 0 0 0 0 0 0 0 0 0 0 0 0 8 0 8 8 0 0 0 0 0 0 0 0 0 0 0 0 0 0 0 0 0 0 0 0 0 0 0 0 0 0 8 0 8 8 0 0 0 0 0 0 0 0 0 0 0 0 0 0 0 0 0 0 0 0 8 0 8 8 0 0 0 0 0 0 0 0 0 0 0 0 0 0 0 0 0 0 8 0 8 8 0 0 0 0 0 0 0 0 0 0 0 0 0 0 0 0 0 0 8 0 8 
34:crystal/runtime/mapscene/behavior/ai/AlignGoal.lua
8 0 8 0 0 0 0 0 0 8 0 0 0 8 0 0 0 0 0 0 0 0 0 0 8 0 0 0 0 0 0 8 0 8 
18:crystal/runtime/mapscene/behavior/ai/EntityGoal.lua
8 0 8 0 0 0 0 8 0 0 0 8 0 0 0 8 0 8 
23:crystal/runtime/mapscene/behavior/ai/Goal.lua
8 0 8 0 0 0 8 0 0 0 8 0 0 0 0 0 8 0 0 0 8 0 8 
124:crystal/runtime/mapscene/behavior/ai/Navigation.lua
8 8 8 8 8 8 8 0 8 0 0 0 0 0 0 0 0 0 0 0 0 0 0 0 0 0 0 0 0 0 0 0 0 0 0 0 0 0 0 0 0 0 0 0 0 0 0 8 0 0 0 0 8 0 0 0 0 0 0 0 8 0 0 0 0 0 0 8 0 0 0 0 0 0 8 0 0 0 0 0 0 0 0 0 0 0 0 0 0 0 0 0 0 0 0 0 0 0 0 0 0 0 0 0 0 0 0 0 0 0 0 0 0 0 0 0 0 0 0 0 0 8 0 8 
15:crystal/runtime/mapscene/behavior/ai/PositionGoal.lua
8 0 8 0 0 0 0 0 8 0 0 0 8 0 8 
60:crystal/runtime/mapscene/behavior/ai/TestAlignGoal.lua
8 8 8 8 0 8 0 8 8 0 0 0 0 0 0 0 0 0 0 0 0 0 8 0 8 8 0 0 0 0 0 0 0 0 0 0 0 0 0 0 0 8 0 8 8 0 0 0 0 0 0 0 0 0 0 0 0 8 0 8 
48:crystal/runtime/mapscene/behavior/ai/TestEntityGoal.lua
8 8 8 8 0 8 0 8 8 0 0 0 0 0 0 0 0 0 0 8 0 8 8 0 0 0 0 0 0 0 0 0 8 0 8 8 0 0 0 0 0 0 0 0 0 8 0 8 
95:crystal/runtime/mapscene/behavior/ai/TestNavigation.lua
8 8 8 8 8 8 8 0 8 0 8 8 0 0 0 0 0 0 0 0 0 0 0 0 0 0 0 0 0 0 0 8 0 8 8 0 0 0 0 0 0 0 0 0 0 0 0 0 0 0 0 0 0 0 0 0 0 0 8 0 8 8 0 0 0 0 0 0 0 0 0 0 0 0 0 0 0 0 0 0 0 0 0 0 0 0 0 0 0 0 0 0 8 0 8 
31:crystal/runtime/mapscene/behavior/ai/TestPath.lua
8 0 8 0 8 8 0 0 0 0 0 0 8 0 8 8 0 0 0 0 0 0 0 0 0 0 0 0 8 0 8 
29:crystal/runtime/mapscene/behavior/ai/TestPositionGoal.lua
8 0 8 0 8 8 0 0 0 0 8 0 8 8 0 0 0 0 0 8 0 8 8 0 0 0 8 0 8 
143:crystal/runtime/mapscene/display/Camera.lua
8 8 8 0 8 0 0 0 0 0 0 0 0 0 0 0 8 0 0 0 0 0 0 0 0 0 0 0 0 0 8 0 0 0 0 0 0 0 0 0 0 0 0 8 0 0 0 0 0 0 0 0 0 0 0 0 0 0 0 0 0 0 0 0 0 0 0 0 8 0 0 0 0 0 8 0 0 0 8 0 0 0 8 0 0 0 0 0 8 0 0 0 0 0 0 0 0 0 0 8 0 0 0 0 0 0 0 0 0 0 0 0 0 0 0 0 0 0 0 0 8 0 0 0 0 0 0 0 0 0 0 0 0 0 0 0 0 0 0 0 8 0 8 
56:crystal/runtime/mapscene/display/CameraSystem.lua
8 8 8 8 8 0 8 0 8 0 0 0 0 0 0 0 0 8 0 0 0 8 0 0 0 0 0 0 0 8 0 0 0 0 8 0 0 0 0 8 0 0 0 0 0 8 0 16 0 8 0 16 0 8 0 8 
32:crystal/runtime/mapscene/display/DrawableSystem.lua
8 8 8 0 8 0 0 0 8 0 0 0 8 0 0 0 0 0 0 0 0 0 0 0 0 0 0 0 0 8 0 8 
30:crystal/runtime/mapscene/display/Shader.lua
8 0 8 0 0 0 0 8 0 0 0 0 8 0 0 0 8 0 0 0 0 0 0 0 0 0 0 8 0 8 
39:crystal/runtime/mapscene/display/Sprite.lua
8 8 0 8 0 0 0 0 0 0 0 0 8 0 0 0 0 8 0 0 0 8 0 0 0 8 0 0 0 0 0 0 0 0 0 0 8 0 8 
69:crystal/runtime/mapscene/display/SpriteAnimator.lua
8 8 0 8 0 0 0 0 0 0 8 0 0 0 0 0 0 0 0 0 0 0 0 0 0 0 0 8 0 0 0 0 0 0 0 0 0 0 0 0 8 0 0 0 0 0 0 0 0 0 8 0 0 0 8 0 0 0 0 0 8 0 0 0 0 0 8 0 8 
25:crystal/runtime/mapscene/display/SpriteSystem.lua
8 8 8 8 0 8 0 0 0 0 0 8 0 0 0 0 0 0 0 0 0 0 8 0 8 
17:crystal/runtime/mapscene/display/TestCameraSystem.lua
8 0 8 0 8 8 0 0 0 0 0 0 0 0 8 0 8 
23:crystal/runtime/mapscene/display/TestSprite.lua
8 8 0 8 0 8 8 0 0 0 8 0 8 8 0 0 0 0 0 0 8 0 8 
88:crystal/runtime/mapscene/display/TestSpriteAnimator.lua
8 8 8 8 8 8 0 8 0 8 8 0 0 0 0 0 0 8 0 8 8 0 0 0 0 0 0 0 0 0 0 0 0 0 0 0 0 0 0 8 0 8 8 0 0 0 0 0 0 0 0 0 0 0 0 0 0 0 0 0 0 0 8 0 8 8 0 0 0 0 0 0 0 0 0 0 0 0 0 0 0 0 0 0 0 8 0 8 
24:crystal/runtime/mapscene/display/TestWorldWidget.lua
8 8 8 8 8 0 8 0 8 8 0 0 0 0 0 0 0 0 0 0 0 8 0 8 
39:crystal/runtime/mapscene/display/WorldWidget.lua
8 8 0 8 0 0 0 0 0 0 8 0 0 0 0 0 0 8 0 0 0 0 0 8 0 0 0 0 0 0 0 0 0 0 0 0 8 0 8 
30:crystal/runtime/mapscene/display/WorldWidgetSystem.lua
8 8 8 8 0 8 0 0 0 0 0 8 0 0 0 0 0 0 0 0 0 0 0 0 0 0 0 8 0 8 
89:crystal/runtime/mapscene/physics/Collision.lua
8 8 8 0 8 0 0 0 0 0 0 0 0 0 0 0 8 0 0 0 0 0 0 0 8 0 0 0 0 0 8 0 0 0 0 0 0 0 0 0 0 0 0 0 0 0 0 8 0 0 0 0 0 0 8 0 0 0 0 8 0 0 0 0 8 0 0 0 8 0 0 0 8 0 0 0 0 8 0 0 0 0 8 0 0 0 8 0 8 
9:crystal/runtime/mapscene/physics/CollisionFilters.lua
8 0 0 0 0 0 8 0 8 
24:crystal/runtime/mapscene/physics/CollisionSystem.lua
8 8 8 8 0 8 0 0 0 0 0 8 0 0 0 0 0 0 0 0 0 8 0 8 
103:crystal/runtime/mapscene/physics/DebugDrawSystem.lua
8 8 8 8 8 8 8 0 8 0 8 0 0 0 8 8 0 0 0 0 0 8 0 0 0 0 0 0 0 0 0 0 0 0 0 8 0 0 0 0 0 0 0 0 0 0 0 0 0 0 0 0 0 0 0 0 0 0 0 0 0 8 0 0 0 0 0 0 0 0 0 0 0 0 0 0 0 0 0 0 0 0 0 0 8 0 16 0 8 0 16 0 8 0 16 0 8 0 16 0 8 0 8 
53:crystal/runtime/mapscene/physics/Hitbox.lua
8 8 0 8 0 0 0 0 0 0 8 0 0 0 0 0 0 0 0 0 0 0 0 0 8 0 0 0 0 0 0 0 0 0 8 0 0 0 0 8 0 0 0 0 8 0 0 8 0 0 8 0 8 
36:crystal/runtime/mapscene/physics/HitboxSystem.lua
8 8 8 8 8 0 8 0 0 0 0 0 0 0 8 0 0 0 0 0 0 0 0 0 0 0 0 0 0 0 0 0 0 8 0 8 
53:crystal/runtime/mapscene/physics/Locomotion.lua
8 0 8 0 0 0 0 0 0 8 0 0 0 8 0 0 0 0 0 0 8 0 0 0 0 8 0 0 0 8 0 0 0 8 0 0 0 8 0 0 0 8 0 0 0 0 0 0 0 0 8 0 8 
34:crystal/runtime/mapscene/physics/LocomotionSystem.lua
8 8 8 8 0 8 0 0 0 0 0 8 0 0 0 0 0 0 0 0 0 0 0 0 0 0 0 0 0 0 0 8 0 8 
15:crystal/runtime/mapscene/physics/Parent.lua
8 0 8 0 0 0 0 0 8 0 0 0 8 0 8 
28:crystal/runtime/mapscene/physics/ParentSystem.lua
8 8 8 8 0 8 0 0 0 0 0 8 0 0 0 0 0 0 0 0 0 0 0 0 0 8 0 8 
23:crystal/runtime/mapscene/physics/PhysicsBodySystem.lua
8 8 8 0 8 0 0 0 0 0 8 0 0 0 0 0 0 0 0 0 8 0 8 
74:crystal/runtime/mapscene/physics/PhysicsSystem.lua
8 8 8 8 8 0 8 0 8 0 0 0 0 0 0 0 0 0 0 8 0 0 0 8 0 0 0 0 0 0 0 8 0 0 0 0 0 0 0 0 0 0 0 0 0 0 0 0 0 0 0 8 0 0 0 0 0 0 0 0 0 0 0 0 0 0 0 0 0 0 0 8 0 8 
204:crystal/runtime/mapscene/physics/TestContacts.lua
8 8 8 8 8 8 8 0 8 0 0 0 8 8 0 0 0 0 0 0 0 0 0 0 0 0 0 0 0 0 0 0 0 0 0 0 0 0 0 0 0 0 0 0 0 0 0 0 0 0 0 0 8 0 8 8 0 0 0 0 0 0 0 0 0 0 0 0 0 0 0 0 0 0 0 0 0 0 0 0 0 0 0 0 0 0 0 0 0 0 0 0 8 0 8 8 0 0 0 0 0 0 0 0 0 0 0 0 0 0 0 0 0 0 0 0 0 0 0 0 0 0 0 0 0 0 0 0 0 0 0 0 8 0 8 8 0 0 0 0 0 0 0 0 0 0 0 0 0 0 0 0 0 0 0 0 0 0 0 8 0 8 8 0 0 0 0 0 0 0 0 0 0 0 0 0 0 0 0 0 0 0 0 0 0 0 0 0 0 0 0 0 0 0 0 0 0 0 0 0 0 8 0 8 
58:crystal/runtime/mapscene/physics/TestDebugDraw.lua
8 8 8 8 8 8 8 0 8 0 8 8 0 0 0 0 0 0 0 0 0 0 0 0 0 0 0 0 0 0 0 0 0 0 0 0 0 0 0 0 0 0 8 0 8 8 0 0 0 0 0 0 0 0 0 8 0 8 
144:crystal/runtime/mapscene/physics/TestPhysicsBody.lua
8 8 8 0 8 0 8 8 0 0 0 0 0 0 0 0 0 0 0 0 0 0 0 0 0 0 0 0 0 0 0 8 0 8 8 0 0 0 0 0 0 0 0 0 0 0 0 0 0 0 0 0 0 0 8 0 8 8 0 0 0 0 0 0 0 0 0 0 0 0 8 0 8 8 0 0 0 0 0 0 0 0 0 0 0 0 8 0 8 8 0 0 0 0 0 0 8 0 8 8 0 0 0 0 0 0 8 0 8 8 0 0 0 0 0 0 0 0 0 0 0 0 0 0 0 0 0 8 0 8 8 0 0 0 0 0 0 0 0 0 0 8 0 8 
34:crystal/runtime/mapscene/physics/TouchTrigger.lua
8 8 0 8 0 0 0 0 8 0 0 0 0 0 0 0 0 0 0 0 8 0 0 0 0 8 0 0 8 0 0 8 0 8 
24:crystal/runtime/mapscene/physics/TouchTriggerSystem.lua
8 8 8 8 0 8 0 0 0 0 0 8 0 0 0 0 0 0 0 0 0 8 0 8 
47:crystal/runtime/mapscene/physics/Weakbox.lua
8 8 0 8 0 0 0 0 0 0 8 0 0 0 0 0 0 0 0 0 0 0 0 0 8 0 0 0 0 0 0 0 0 0 8 0 0 0 0 8 0 0 0 0 8 0 8 
36:crystal/runtime/mapscene/physics/WeakboxSystem.lua
8 8 8 8 8 0 8 0 0 0 0 0 0 0 8 0 0 0 0 0 0 0 0 0 0 0 0 0 0 0 0 0 0 8 0 8 
20:crystal/runtime/persistence/BaseSaveData.lua
8 0 0 8 0 0 0 8 0 0 0 8 0 0 8 0 0 8 0 8 
43:crystal/runtime/persistence/Persistence.lua
8 8 0 8 0 0 0 0 0 8 0 0 0 8 0 0 0 0 0 0 0 8 0 0 0 0 0 0 0 0 8 0 16 0 0 8 0 16 0 0 8 0 8 
50:crystal/runtime/persistence/TestPersistence.lua
8 8 0 8 0 8 8 0 0 8 0 8 8 0 0 0 0 0 0 0 0 0 0 0 0 0 0 0 0 0 0 0 0 0 0 0 0 0 0 0 0 0 8 0 8 8 0 8 0 8 
23:crystal/runtime/resources/Content.lua
0 0 0 0 0 0 1636 1408 1406 1406 2404 1122 1122 1131 204 204 0 0 228 0 0 0 7 
100:crystal/runtime/resources/TestAssets.lua
8 0 8 0 8 8 0 0 0 0 0 0 8 0 8 8 0 0 0 0 0 0 8 0 8 8 0 0 0 0 0 0 0 0 0 0 0 0 0 0 0 0 0 0 0 0 8 0 8 8 0 0 0 0 0 0 0 0 0 0 0 8 0 8 8 0 0 0 0 0 0 0 0 0 0 0 0 8 0 8 8 0 0 0 0 0 0 0 0 0 0 0 8 0 8 8 0 8 0 8 
23:crystal/runtime/resources/map/TestCollisionMesh.lua
8 0 8 0 8 8 0 0 0 0 8 0 8 8 0 0 0 0 0 0 8 0 8 
79:crystal/runtime/resources/map/TestNavigationMesh.lua
8 8 0 8 8 0 0 0 8 0 8 8 0 0 0 8 0 8 8 0 0 0 0 8 0 8 8 0 0 0 0 0 0 0 0 0 8 0 8 8 0 0 0 0 0 0 0 0 0 0 8 0 8 8 0 0 0 0 0 0 0 0 0 0 8 0 8 8 0 0 0 0 0 0 0 0 8 0 8 
692:crystal/runtime/script/TestScript.lua
8 0 8 0 8 8 0 0 0 0 0 0 0 0 0 8 0 8 8 0 0 0 0 0 0 0 0 0 8 0 8 8 0 0 0 0 0 0 0 0 0 0 8 0 8 8 0 0 0 0 0 0 0 0 0 8 0 8 8 0 0 0 0 0 0 0 0 0 0 0 0 0 0 0 0 0 0 0 8 0 8 8 0 0 0 0 0 0 0 0 0 0 0 0 0 8 0 8 8 0 0 0 0 0 0 0 0 0 0 0 0 8 0 8 8 0 0 0 0 0 0 0 0 0 0 0 0 8 0 8 8 0 0 0 0 0 0 0 0 0 8 0 8 8 0 0 0 0 0 0 0 0 0 8 0 8 8 0 0 0 0 0 0 0 0 0 0 0 8 0 8 8 0 0 0 0 0 0 0 0 0 0 0 0 0 0 0 8 0 8 8 0 0 0 0 0 0 0 0 0 0 0 8 0 8 8 0 0 0 0 0 0 0 0 0 0 0 0 8 0 8 8 0 0 0 0 0 0 0 0 0 0 0 0 0 0 0 0 8 0 8 8 0 0 0 0 0 0 0 0 0 0 0 0 0 0 0 0 0 0 0 8 0 8 8 0 0 0 0 0 0 0 0 0 0 0 0 0 0 8 0 8 8 0 0 0 0 0 0 0 0 0 0 0 0 0 0 0 0 0 8 0 8 8 0 0 0 0 0 0 0 0 0 0 0 0 0 0 0 0 0 0 8 0 8 8 0 0 0 0 0 0 0 0 0 0 0 0 0 0 0 0 0 0 0 0 0 0 8 0 8 8 0 0 0 0 0 0 0 0 0 0 0 0 0 0 0 0 0 8 0 8 8 0 0 0 0 0 0 0 0 0 0 0 0 0 0 0 0 0 0 0 0 0 0 8 0 8 8 0 0 0 0 0 0 0 0 0 0 0 8 0 8 8 0 0 0 0 0 0 0 0 0 0 0 0 0 8 0 8 8 0 0 0 0 0 0 0 0 0 0 0 0 0 8 0 8 8 0 0 0 0 0 0 0 0 0 0 0 0 0 0 0 8 0 8 8 0 0 0 0 0 0 0 0 0 0 0 8 0 8 8 0 0 0 0 0 0 0 0 0 0 0 0 0 0 0 0 8 0 8 8 0 0 0 0 0 0 0 0 0 0 0 0 8 0 8 8 0 0 0 0 0 0 0 0 0 0 0 0 8 0 8 8 0 0 0 0 0 0 0 0 0 0 0 0 0 0 0 0 8 0 8 8 0 0 0 0 0 0 0 0 0 0 0 0 0 0 0 0 0 0 0 0 0 0 0 0 8 0 8 8 0 0 0 0 0 0 0 0 0 0 0 0 0 0 0 0 0 8 0 8 8 0 0 0 0 0 0 0 0 0 0 0 0 0 0 0 0 0 0 0 0 8 0 8 8 0 0 0 0 0 0 0 0 0 0 8 0 8 8 0 0 0 0 0 0 0 0 0 0 8 0 8 8 0 0 0 0 0 0 0 0 0 0 0 0 0 0 8 0 8 8 0 0 0 0 0 0 0 0 0 0 0 0 0 0 0 0 8 0 8 
1:crystal/runtime/test-data/TestAssets/package.lua
8 
1:crystal/runtime/test-data/TestAssets/wrapper_package.lua
8 
820:crystal/runtime/test-data/TestMapScene/all_features.lua
8 0 0 0 0 0 0 0 0 0 0 0 8 8 0 0 0 0 0 0 0 0 0 0 0 0 8 0 0 8 8 0 0 0 8 8 8 0 8 0 0 8 0 0 0 0 0 0 0 8 8 0 0 0 0 0 0 0 0 0 0 0 8 8 8 8 8 0 0 8 0 0 0 0 0 0 0 8 8 0 0 0 0 0 0 0 0 0 0 0 8 8 8 8 8 8 8 8 8 8 0 0 8 0 0 0 0 0 0 0 8 8 0 0 0 0 0 0 0 0 0 0 0 8 8 8 8 8 8 8 8 8 8 0 0 8 0 0 0 0 0 0 0 8 8 0 0 0 0 0 0 0 0 0 0 0 8 8 8 8 8 8 8 8 8 8 0 0 8 0 0 0 0 0 0 0 8 8 0 0 0 0 0 0 0 0 0 0 0 8 8 8 8 8 8 8 8 8 8 0 0 8 0 0 0 0 0 0 0 8 8 0 0 0 0 0 0 0 0 0 0 0 8 8 8 8 8 8 8 8 8 8 0 0 8 0 0 0 0 0 0 0 8 8 0 0 0 0 0 0 0 0 0 0 0 8 8 8 8 8 8 8 8 8 8 0 0 8 0 0 0 0 0 0 0 8 8 0 0 0 0 0 0 0 0 0 0 0 8 8 8 8 8 8 8 8 8 8 0 0 8 0 0 0 0 0 0 0 8 8 0 0 0 0 0 0 0 0 0 0 0 8 8 8 8 8 8 8 8 8 8 0 0 8 0 0 0 0 0 0 0 8 8 0 0 0 0 0 0 0 0 0 0 0 8 8 8 8 8 0 0 8 0 0 0 0 0 0 0 8 8 0 0 0 0 0 0 0 0 0 0 0 8 8 8 8 8 0 0 8 0 0 0 0 0 0 0 8 8 0 0 0 0 0 0 0 0 0 0 0 8 8 8 8 8 0 0 8 0 0 0 0 0 0 0 8 8 0 0 0 0 0 0 0 0 0 0 0 8 8 8 8 8 0 0 8 0 0 0 0 0 0 0 8 8 0 0 0 0 0 0 0 0 0 0 0 8 8 8 8 8 0 0 8 0 0 0 0 0 0 0 8 8 0 0 0 0 0 0 0 0 0 0 0 8 8 8 8 8 0 0 8 0 0 0 0 0 0 0 8 8 0 0 0 0 0 0 0 0 0 0 0 8 8 8 8 8 0 0 8 0 0 0 0 0 0 0 8 8 0 0 0 0 0 0 0 0 0 0 0 8 8 8 8 8 0 0 8 0 0 0 0 0 0 0 8 8 0 0 0 0 0 0 0 0 0 0 0 8 8 8 8 8 0 0 8 0 0 0 0 0 0 0 8 8 0 0 0 0 0 0 0 0 0 0 0 8 8 8 8 8 8 8 8 8 8 8 0 0 8 0 0 0 0 0 0 0 8 8 0 0 0 0 0 0 0 0 0 0 0 8 8 8 8 8 0 0 8 0 0 0 0 0 0 0 8 8 0 0 0 0 0 0 0 0 0 0 0 8 8 8 8 8 8 8 8 8 0 0 0 0 0 0 0 0 0 0 0 0 8 0 8 0 8 0 0 0 0 0 0 0 0 0 0 0 0 0 0 0 8 8 0 0 0 0 0 0 0 0 0 8 8 0 0 0 0 0 0 0 0 0 0 0 8 8 0 0 0 0 0 0 0 0 0 0 0 8 8 8 8 0 0 0 0 0 0 0 0 0 0 0 0 8 0 8 0 8 0 0 0 0 0 0 0 0 0 0 0 0 0 0 0 8 8 0 0 0 0 0 0 0 0 0 0 0 0 8 0 8 0 8 0 0 0 0 0 0 0 0 0 0 0 0 0 0 0 8 8 8 8 
53:crystal/runtime/test-data/blankey.lua
8 0 8 0 8 8 8 8 8 8 8 8 8 0 8 0 0 8 0 0 8 0 0 8 0 0 8 0 0 8 8 8 8 8 8 0 8 0 0 8 0 0 8 8 8 8 8 8 8 8 8 8 8 
952:crystal/runtime/test-data/empty_map.lua
8 0 0 0 0 0 0 0 0 0 0 0 8 8 0 0 0 0 0 0 0 0 0 0 0 0 8 8 8 8 0 8 0 0 8 0 0 0 0 0 0 0 8 8 0 0 0 0 0 0 0 0 0 0 0 8 8 8 8 8 0 0 8 0 0 0 0 0 0 0 8 8 0 0 0 0 0 0 0 0 0 0 0 8 8 8 8 8 8 0 0 8 0 0 0 0 0 0 0 8 8 0 0 0 0 0 0 0 0 0 0 0 8 8 8 8 8 8 0 0 8 0 0 0 0 0 0 0 8 8 0 0 0 0 0 0 0 0 0 0 0 8 8 8 8 8 8 0 0 8 0 0 0 0 0 0 0 8 8 0 0 0 0 0 0 0 0 0 0 0 8 8 8 8 8 8 0 0 8 0 0 0 0 0 0 0 8 8 0 0 0 0 0 0 0 0 0 0 0 8 8 8 8 8 8 0 0 8 0 0 0 0 0 0 0 8 8 0 0 0 0 0 0 0 0 0 0 0 8 8 8 8 8 8 0 0 8 0 0 0 0 0 0 0 8 8 0 0 0 0 0 0 0 0 0 0 0 8 8 8 8 8 8 0 0 8 0 0 0 0 0 0 0 8 8 0 0 0 0 0 0 0 0 0 0 0 8 8 8 8 8 8 0 0 8 0 0 0 0 0 0 0 8 8 0 0 0 0 0 0 0 0 0 0 0 8 8 8 8 8 0 0 8 0 0 0 0 0 0 0 8 8 0 0 0 0 0 0 0 0 0 0 0 8 8 8 8 8 0 0 8 0 0 0 0 0 0 0 8 8 0 0 0 0 0 0 0 0 0 0 0 8 8 8 8 8 0 0 8 0 0 0 0 0 0 0 8 8 0 0 0 0 0 0 0 0 0 0 0 8 8 8 8 8 0 0 8 0 0 0 0 0 0 0 8 8 0 0 0 0 0 0 0 0 0 0 0 8 8 8 8 8 0 0 8 0 0 0 0 0 0 0 8 8 0 0 0 0 0 0 0 0 0 0 0 8 8 8 8 8 0 0 8 0 0 0 0 0 0 0 8 8 0 0 0 0 0 0 0 0 0 0 0 8 8 8 8 8 0 0 8 0 0 0 0 0 0 0 8 8 0 0 0 0 0 0 0 0 0 0 0 8 8 8 8 8 0 0 8 0 0 0 0 0 0 0 8 8 0 0 0 0 0 0 0 0 0 0 0 8 8 8 8 8 0 0 8 0 0 0 0 0 0 0 8 8 0 0 0 0 0 0 0 0 0 0 0 8 8 8 8 8 8 0 0 8 0 0 0 0 0 0 0 8 8 0 0 0 0 0 0 0 0 0 0 0 8 8 8 8 8 0 0 8 0 0 0 0 0 0 0 8 8 0 0 0 0 0 0 0 0 0 0 0 8 8 8 8 8 8 8 8 8 0 0 0 0 0 0 0 0 0 0 0 0 8 0 8 0 0 0 0 0 0 0 0 0 0 0 0 0 0 0 0 0 0 0 0 0 0 0 0 0 0 0 0 0 0 0 0 0 0 0 0 0 0 0 0 0 0 0 0 0 0 0 0 0 0 0 0 0 0 0 0 0 0 0 0 0 0 0 0 0 0 0 0 0 0 0 0 0 0 0 0 0 0 0 0 0 0 0 0 0 0 0 0 0 0 0 0 0 0 0 0 0 0 0 0 0 0 0 0 0 0 0 0 0 0 0 0 0 0 0 0 0 0 0 0 0 0 0 0 0 0 0 0 0 0 0 0 0 0 0 0 0 0 0 0 0 0 0 0 0 0 0 0 0 0 0 0 0 0 0 0 0 0 0 0 0 0 0 0 0 0 0 0 0 0 0 0 0 0 0 0 0 0 0 0 0 0 0 0 0 0 0 0 0 0 0 0 0 0 0 0 0 0 0 0 0 0 0 0 0 0 0 0 0 0 0 0 0 0 0 0 0 0 0 0 0 0 0 0 0 0 0 0 0 0 0 0 0 0 0 0 0 0 0 0 0 0 0 0 0 0 0 0 0 0 0 0 0 0 0 0 0 0 0 0 0 0 0 0 0 0 0 0 0 0 0 0 0 0 0 0 0 0 0 0 0 0 0 0 0 0 0 0 0 0 0 0 0 0 0 0 0 0 0 0 8 8 8 8 
93:crystal/runtime/ui/TestTextInput.lua
8 0 8 0 8 8 0 0 0 0 0 0 8 0 8 8 0 0 0 0 0 0 0 0 8 0 8 8 0 0 0 0 0 0 0 0 0 0 0 0 0 0 8 0 8 8 0 0 0 0 0 0 0 0 0 0 0 0 0 0 0 0 0 0 0 0 0 0 0 8 0 8 8 0 0 0 0 0 0 8 0 8 8 0 0 0 0 0 0 0 8 0 8 
27:crystal/runtime/ui/UIScene.lua
8 8 8 0 8 0 0 0 0 0 0 0 0 8 0 0 0 0 8 0 0 0 0 0 8 0 8 
1:crystal/runtime/ui/bricks/core/HorizontalAlignment.lua
8 
90:crystal/runtime/ui/bricks/core/TestContainer.lua
8 8 8 0 8 0 8 8 0 0 0 0 0 0 0 0 0 0 0 0 0 0 0 0 0 8 0 8 8 0 0 0 8 0 8 8 0 0 0 0 0 0 0 0 8 0 8 8 0 0 0 0 0 0 0 0 0 0 0 0 0 0 0 0 8 0 8 8 0 0 0 0 0 0 0 0 0 0 0 0 0 0 0 0 0 0 0 8 0 8 
57:crystal/runtime/ui/bricks/core/TestWrapper.lua
8 8 8 0 8 0 8 8 0 0 0 0 0 0 8 0 8 8 0 0 0 8 0 8 8 0 0 0 0 0 0 0 0 8 0 8 8 0 0 0 0 0 0 0 0 0 0 0 0 0 0 0 0 0 8 0 8 
1:crystal/runtime/ui/bricks/core/VerticalAlignment.lua
8 
191:crystal/runtime/ui/bricks/elements/TestList.lua
8 8 8 0 8 0 8 8 0 0 0 0 0 0 0 0 0 0 0 8 0 8 8 0 0 0 0 0 0 0 0 0 0 0 8 0 8 8 0 0 0 0 0 0 0 0 0 0 0 0 0 0 0 0 0 0 0 0 0 0 0 0 0 0 0 0 0 0 0 0 8 0 8 8 0 0 0 0 0 0 0 0 0 0 0 0 0 0 0 0 0 0 0 0 0 0 0 0 0 0 0 0 0 0 0 0 8 0 8 8 0 0 0 0 0 0 0 0 0 0 0 0 0 0 0 0 0 0 0 0 0 0 0 0 0 0 0 0 0 0 0 0 0 0 0 0 0 8 0 8 8 0 0 0 0 0 0 0 0 0 0 0 0 0 0 0 0 0 0 0 0 0 0 0 0 0 0 0 0 0 0 0 0 0 0 0 0 0 8 0 8 
86:crystal/runtime/ui/bricks/elements/TestOverlay.lua
8 8 8 0 8 0 8 8 0 0 0 0 0 0 0 0 0 0 0 0 0 0 0 0 0 0 0 0 0 0 0 0 0 0 0 0 0 0 0 0 0 0 0 8 0 8 8 0 0 0 0 0 0 0 0 0 0 0 0 0 0 0 0 0 0 0 0 0 0 0 0 0 0 0 0 0 0 0 0 0 0 0 0 8 0 8 
18:crystal/runtime/ui/bricks/elements/TestWidget.lua
8 8 0 8 0 8 8 0 0 0 0 0 0 0 0 8 0 8 
23:crystal/runtime/ui/bricks/elements/switcher/CrossFade.lua
8 0 8 0 0 8 0 0 0 0 0 0 0 0 0 0 0 0 0 0 8 0 8 
167:crystal/runtime/ui/bricks/elements/switcher/TestSwitcher.lua
8 8 8 8 8 0 8 0 0 0 8 0 0 0 8 0 0 0 8 0 8 0 8 8 0 0 0 0 0 0 0 0 0 0 0 0 0 0 8 0 8 8 0 0 0 0 0 0 0 0 0 0 0 0 0 0 0 8 0 8 8 0 0 0 0 0 0 0 0 0 0 0 0 0 8 0 8 8 0 0 0 0 0 0 0 0 0 0 0 0 0 0 0 0 8 0 8 8 0 0 0 0 0 0 0 0 0 0 0 0 8 0 8 8 0 0 0 0 0 0 0 0 0 0 0 0 8 0 8 8 0 0 0 0 0 0 0 0 0 0 0 0 0 0 0 8 0 8 8 0 0 0 0 0 0 0 0 0 0 0 0 0 0 0 8 0 8 
79:crystal/runtime/utils/OOP.lua
0 0 0 0 0 0 80 80 80 0 80 0 0 0 80 80 0 0 0 0 0 0 0 0 0 0 0 0 364 0 0 0 0 0 0 0 0 0 0 0 0 364 364 0 0 364 364 0 364 364 0 0 364 0 364 364 364 0 364 364 364 364 364 728 0 364 364 364 356 0 364 0 364 0 0 0 0 0 8 
64:crystal/runtime/utils/StringUtils.lua
0 0 0 160 0 0 0 0 0 0 0 2816 2816 5632 0 9622 2816 0 0 0 1202 0 0 0 1122 0 0 0 0 0 0 0 0 0 0 0 0 0 0 0 0 1408 1408 0 1408 0 0 0 0 1408 6806 5398 3990 0 5398 0 2814 1406 1406 0 1406 0 0 1406 
117:crystal/runtime/utils/TestAlias.lua
8 0 8 0 8 8 0 0 0 0 0 0 0 0 0 0 8 0 8 8 0 0 0 0 0 0 0 0 0 0 0 0 8 0 8 8 0 0 0 0 0 0 0 0 0 0 0 8 0 0 8 8 0 0 0 0 0 0 0 8 0 8 8 0 0 0 0 0 0 0 0 0 8 0 8 8 0 0 0 0 0 0 0 0 0 0 0 0 0 0 0 0 0 0 8 0 8 8 0 0 0 0 0 0 0 0 0 0 0 0 0 0 0 0 8 0 8 
166:crystal/runtime/utils/TestMathUtils.lua
8 0 8 0 8 8 0 0 0 0 0 0 8 0 8 8 0 0 0 8 0 8 8 0 0 0 8 0 8 8 0 0 0 0 0 8 0 8 8 0 0 0 8 0 8 8 0 0 0 0 0 0 0 0 8 0 8 8 0 0 0 0 0 8 0 8 8 0 0 0 0 0 0 0 0 0 0 0 0 0 0 8 0 8 8 0 0 0 0 0 8 0 8 8 0 0 0 0 0 0 0 0 0 0 8 0 8 8 0 0 0 0 0 0 0 0 0 0 8 0 8 8 0 0 0 0 0 0 0 0 0 0 8 0 8 8 0 0 0 0 0 0 0 0 0 0 8 0 8 8 0 0 0 0 0 0 0 0 0 0 0 0 0 8 0 8 
77:crystal/runtime/utils/TestOOP.lua
8 0 8 8 0 0 0 0 0 0 0 8 0 8 8 0 0 0 0 0 0 8 0 8 8 0 0 0 0 0 0 8 0 8 8 0 0 0 0 0 0 8 0 8 8 0 0 0 0 0 0 0 0 0 0 0 0 8 0 8 8 0 0 0 0 0 8 0 8 8 0 0 0 0 8 0 8 
85:crystal/runtime/utils/TestStringUtils.lua
8 0 8 0 8 8 0 8 0 8 8 0 8 0 8 8 0 8 0 8 8 0 8 0 8 8 0 8 0 8 8 0 8 0 8 8 0 8 0 8 8 0 8 0 8 8 0 8 0 8 8 0 8 0 8 8 0 8 0 8 8 0 8 0 8 8 0 8 0 8 8 0 8 0 8 8 0 8 0 8 8 0 8 0 8 
72:crystal/runtime/utils/TestTableUtils.lua
8 0 8 0 8 8 0 0 0 8 0 8 8 0 0 0 0 8 0 8 8 0 0 0 0 8 0 8 8 0 0 0 0 0 7 0 7 7 0 0 0 0 0 0 7 0 7 7 0 0 0 0 0 0 0 0 0 0 7 0 7 7 0 0 0 0 0 0 0 7 0 7 
